==13336==ERROR: AddressSanitizer: attempting double-free on 0x606008fca8c0 in thread T7:
    #0 0x7f58c2ae0c50 in operator delete(void*, unsigned long) ../../../../src/libsanitizer/asan/asan_new_delete.cpp:164
    #1 0x5638a8e3437d in std::__new_allocator<std::_Rb_tree_node<std::pair<char const, std::shared_ptr<bustub::TrieNode const> > > >::deallocate(std::_Rb_tree_node<std::pair<char const, std::shared_ptr<bustub::TrieNode const> > >*, unsigned long) /usr/include/c++/13/bits/new_allocator.h:168
    #2 0x5638a8e2a704 in std::allocator_traits<std::allocator<std::_Rb_tree_node<std::pair<char const, std::shared_ptr<bustub::TrieNode const> > > > >::deallocate(std::allocator<std::_Rb_tree_node<std::pair<char const, std::shared_ptr<bustub::TrieNode const> > > >&, std::_Rb_tree_node<std::pair<char const, std::shared_ptr<bustub::TrieNode const> > >*, unsigned long) /usr/include/c++/13/bits/alloc_traits.h:516
    #3 0x5638a8e2a704 in std::_Rb_tree<char, std::pair<char const, std::shared_ptr<bustub::TrieNode const> >, std::_Select1st<std::pair<char const, std::shared_ptr<bustub::TrieNode const> > >, std::less<char>, std::allocator<std::pair<char const, std::shared_ptr<bustub::TrieNode const> > > >::_M_put_node(std::_Rb_tree_node<std::pair<char const, std::shared_ptr<bustub::TrieNode const> > >*) /usr/include/c++/13/bits/stl_tree.h:567
    #4 0x5638a8e255f9 in std::_Rb_tree<char, std::pair<char const, std::shared_ptr<bustub::TrieNode const> >, std::_Select1st<std::pair<char const, std::shared_ptr<bustub::TrieNode const> > >, std::less<char>, std::allocator<std::pair<char const, std::shared_ptr<bustub::TrieNode const> > > >::_M_drop_node(std::_Rb_tree_node<std::pair<char const, std::shared_ptr<bustub::TrieNode const> > >*) /usr/include/c++/13/bits/stl_tree.h:634
    #5 0x5638a8e216d6 in std::_Rb_tree<char, std::pair<char const, std::shared_ptr<bustub::TrieNode const> >, std::_Select1st<std::pair<char const, std::shared_ptr<bustub::TrieNode const> > >, std::less<char>, std::allocator<std::pair<char const, std::shared_ptr<bustub::TrieNode const> > > >::_M_erase(std::_Rb_tree_node<std::pair<char const, std::shared_ptr<bustub::TrieNode const> > >*) /usr/include/c++/13/bits/stl_tree.h:1938
    #6 0x5638a8e216b3 in std::_Rb_tree<char, std::pair<char const, std::shared_ptr<bustub::TrieNode const> >, std::_Select1st<std::pair<char const, std::shared_ptr<bustub::TrieNode const> > >, std::less<char>, std::allocator<std::pair<char const, std::shared_ptr<bustub::TrieNode const> > > >::_M_erase(std::_Rb_tree_node<std::pair<char const, std::shared_ptr<bustub::TrieNode const> > >*) /usr/include/c++/13/bits/stl_tree.h:1936
    #7 0x5638a8e20031 in std::_Rb_tree<char, std::pair<char const, std::shared_ptr<bustub::TrieNode const> >, std::_Select1st<std::pair<char const, std::shared_ptr<bustub::TrieNode const> > >, std::less<char>, std::allocator<std::pair<char const, std::shared_ptr<bustub::TrieNode const> > > >::~_Rb_tree() /usr/include/c++/13/bits/stl_tree.h:986
    #8 0x5638a8e18e93 in std::map<char, std::shared_ptr<bustub::TrieNode const>, std::less<char>, std::allocator<std::pair<char const, std::shared_ptr<bustub::TrieNode const> > > >::~map() /usr/include/c++/13/bits/stl_map.h:314
    #9 0x5638a8e2199a in bustub::TrieNode::~TrieNode() /home/chenglibin/code/study/bustub-private/src/include/primer/trie.h:57
    #10 0x5638a8e219b9 in bustub::TrieNode::~TrieNode() /home/chenglibin/code/study/bustub-private/src/include/primer/trie.h:57
    #11 0x5638a8e21a3a in std::default_delete<bustub::TrieNode>::operator()(bustub::TrieNode*) const /usr/include/c++/13/bits/unique_ptr.h:99
    #12 0x5638a8e3feda in std::_Sp_counted_deleter<bustub::TrieNode*, std::default_delete<bustub::TrieNode>, std::allocator<void>, (__gnu_cxx::_Lock_policy)2>::_M_dispose() /usr/include/c++/13/bits/shared_ptr_base.h:527
    #13 0x5638a8dd482d in std::_Sp_counted_base<(__gnu_cxx::_Lock_policy)2>::_M_release() (/home/chenglibin/code/study/bustub-private/build/test/trie_store_test+0x3882d) (BuildId: 92aedf72f08d6e922484c822e9afd8107211fa0b)
    #14 0x5638a8dd623f in std::__shared_count<(__gnu_cxx::_Lock_policy)2>::~__shared_count() /usr/include/c++/13/bits/shared_ptr_base.h:1071
    #15 0x5638a8dd57e3 in std::__shared_ptr<bustub::TrieNode const, (__gnu_cxx::_Lock_policy)2>::~__shared_ptr() /usr/include/c++/13/bits/shared_ptr_base.h:1524
    #16 0x5638a8dd5803 in std::shared_ptr<bustub::TrieNode const>::~shared_ptr() /usr/include/c++/13/bits/shared_ptr.h:175
    #17 0x5638a8e3433d in std::pair<char const, std::shared_ptr<bustub::TrieNode const> >::~pair() /usr/include/c++/13/bits/stl_pair.h:187
    #18 0x5638a8e2a6af in void std::__new_allocator<std::_Rb_tree_node<std::pair<char const, std::shared_ptr<bustub::TrieNode const> > > >::destroy<std::pair<char const, std::shared_ptr<bustub::TrieNode const> > >(std::pair<char const, std::shared_ptr<bustub::TrieNode const> >*) /usr/include/c++/13/bits/new_allocator.h:194
    #19 0x5638a8e2a6af in void std::allocator_traits<std::allocator<std::_Rb_tree_node<std::pair<char const, std::shared_ptr<bustub::TrieNode const> > > > >::destroy<std::pair<char const, std::shared_ptr<bustub::TrieNode const> > >(std::allocator<std::_Rb_tree_node<std::pair<char const, std::shared_ptr<bustub::TrieNode const> > > >&, std::pair<char const, std::shared_ptr<bustub::TrieNode const> >*) /usr/include/c++/13/bits/alloc_traits.h:557
    #20 0x5638a8e2a6af in std::_Rb_tree<char, std::pair<char const, std::shared_ptr<bustub::TrieNode const> >, std::_Select1st<std::pair<char const, std::shared_ptr<bustub::TrieNode const> > >, std::less<char>, std::allocator<std::pair<char const, std::shared_ptr<bustub::TrieNode const> > > >::_M_destroy_node(std::_Rb_tree_node<std::pair<char const, std::shared_ptr<bustub::TrieNode const> > >*) /usr/include/c++/13/bits/stl_tree.h:625
    #21 0x5638a8e255e6 in std::_Rb_tree<char, std::pair<char const, std::shared_ptr<bustub::TrieNode const> >, std::_Select1st<std::pair<char const, std::shared_ptr<bustub::TrieNode const> > >, std::less<char>, std::allocator<std::pair<char const, std::shared_ptr<bustub::TrieNode const> > > >::_M_drop_node(std::_Rb_tree_node<std::pair<char const, std::shared_ptr<bustub::TrieNode const> > >*) /usr/include/c++/13/bits/stl_tree.h:633
    #22 0x5638a8e216d6 in std::_Rb_tree<char, std::pair<char const, std::shared_ptr<bustub::TrieNode const> >, std::_Select1st<std::pair<char const, std::shared_ptr<bustub::TrieNode const> > >, std::less<char>, std::allocator<std::pair<char const, std::shared_ptr<bustub::TrieNode const> > > >::_M_erase(std::_Rb_tree_node<std::pair<char const, std::shared_ptr<bustub::TrieNode const> > >*) /usr/include/c++/13/bits/stl_tree.h:1938
    #23 0x5638a8e20031 in std::_Rb_tree<char, std::pair<char const, std::shared_ptr<bustub::TrieNode const> >, std::_Select1st<std::pair<char const, std::shared_ptr<bustub::TrieNode const> > >, std::less<char>, std::allocator<std::pair<char const, std::shared_ptr<bustub::TrieNode const> > > >::~_Rb_tree() /usr/include/c++/13/bits/stl_tree.h:986
    #24 0x5638a8e18e93 in std::map<char, std::shared_ptr<bustub::TrieNode const>, std::less<char>, std::allocator<std::pair<char const, std::shared_ptr<bustub::TrieNode const> > > >::~map() /usr/include/c++/13/bits/stl_map.h:314
    #25 0x5638a8e2199a in bustub::TrieNode::~TrieNode() /home/chenglibin/code/study/bustub-private/src/include/primer/trie.h:57
    #26 0x5638a8e219b9 in bustub::TrieNode::~TrieNode() /home/chenglibin/code/study/bustub-private/src/include/primer/trie.h:57
    #27 0x5638a8e21a3a in std::default_delete<bustub::TrieNode>::operator()(bustub::TrieNode*) const /usr/include/c++/13/bits/unique_ptr.h:99
    #28 0x5638a8e3feda in std::_Sp_counted_deleter<bustub::TrieNode*, std::default_delete<bustub::TrieNode>, std::allocator<void>, (__gnu_cxx::_Lock_policy)2>::_M_dispose() /usr/include/c++/13/bits/shared_ptr_base.h:527
    #29 0x5638a8dd482d in std::_Sp_counted_base<(__gnu_cxx::_Lock_policy)2>::_M_release() (/home/chenglibin/code/study/bustub-private/build/test/trie_store_test+0x3882d) (BuildId: 92aedf72f08d6e922484c822e9afd8107211fa0b)
    #30 0x5638a8dd623f in std::__shared_count<(__gnu_cxx::_Lock_policy)2>::~__shared_count() /usr/include/c++/13/bits/shared_ptr_base.h:1071
    #31 0x5638a8dd57e3 in std::__shared_ptr<bustub::TrieNode const, (__gnu_cxx::_Lock_policy)2>::~__shared_ptr() /usr/include/c++/13/bits/shared_ptr_base.h:1524
    #32 0x5638a8dd5803 in std::shared_ptr<bustub::TrieNode const>::~shared_ptr() /usr/include/c++/13/bits/shared_ptr.h:175
    #33 0x5638a8e3433d in std::pair<char const, std::shared_ptr<bustub::TrieNode const> >::~pair() /usr/include/c++/13/bits/stl_pair.h:187
    #34 0x5638a8e2a6af in void std::__new_allocator<std::_Rb_tree_node<std::pair<char const, std::shared_ptr<bustub::TrieNode const> > > >::destroy<std::pair<char const, std::shared_ptr<bustub::TrieNode const> > >(std::pair<char const, std::shared_ptr<bustub::TrieNode const> >*) /usr/include/c++/13/bits/new_allocator.h:194
    #35 0x5638a8e2a6af in void std::allocator_traits<std::allocator<std::_Rb_tree_node<std::pair<char const, std::shared_ptr<bustub::TrieNode const> > > > >::destroy<std::pair<char const, std::shared_ptr<bustub::TrieNode const> > >(std::allocator<std::_Rb_tree_node<std::pair<char const, std::shared_ptr<bustub::TrieNode const> > > >&, std::pair<char const, std::shared_ptr<bustub::TrieNode const> >*) /usr/include/c++/13/bits/alloc_traits.h:557
    #36 0x5638a8e2a6af in std::_Rb_tree<char, std::pair<char const, std::shared_ptr<bustub::TrieNode const> >, std::_Select1st<std::pair<char const, std::shared_ptr<bustub::TrieNode const> > >, std::less<char>, std::allocator<std::pair<char const, std::shared_ptr<bustub::TrieNode const> > > >::_M_destroy_node(std::_Rb_tree_node<std::pair<char const, std::shared_ptr<bustub::TrieNode const> > >*) /usr/include/c++/13/bits/stl_tree.h:625
    #37 0x5638a8e255e6 in std::_Rb_tree<char, std::pair<char const, std::shared_ptr<bustub::TrieNode const> >, std::_Select1st<std::pair<char const, std::shared_ptr<bustub::TrieNode const> > >, std::less<char>, std::allocator<std::pair<char const, std::shared_ptr<bustub::TrieNode const> > > >::_M_drop_node(std::_Rb_tree_node<std::pair<char const, std::shared_ptr<bustub::TrieNode const> > >*) /usr/include/c++/13/bits/stl_tree.h:633
    #38 0x5638a8e216d6 in std::_Rb_tree<char, std::pair<char const, std::shared_ptr<bustub::TrieNode const> >, std::_Select1st<std::pair<char const, std::shared_ptr<bustub::TrieNode const> > >, std::less<char>, std::allocator<std::pair<char const, std::shared_ptr<bustub::TrieNode const> > > >::_M_erase(std::_Rb_tree_node<std::pair<char const, std::shared_ptr<bustub::TrieNode const> > >*) /usr/include/c++/13/bits/stl_tree.h:1938
    #39 0x5638a8e20031 in std::_Rb_tree<char, std::pair<char const, std::shared_ptr<bustub::TrieNode const> >, std::_Select1st<std::pair<char const, std::shared_ptr<bustub::TrieNode const> > >, std::less<char>, std::allocator<std::pair<char const, std::shared_ptr<bustub::TrieNode const> > > >::~_Rb_tree() /usr/include/c++/13/bits/stl_tree.h:986
    #40 0x5638a8e18e93 in std::map<char, std::shared_ptr<bustub::TrieNode const>, std::less<char>, std::allocator<std::pair<char const, std::shared_ptr<bustub::TrieNode const> > > >::~map() /usr/include/c++/13/bits/stl_map.h:314
    #41 0x5638a8e2199a in bustub::TrieNode::~TrieNode() /home/chenglibin/code/study/bustub-private/src/include/primer/trie.h:57
    #42 0x5638a8e219b9 in bustub::TrieNode::~TrieNode() /home/chenglibin/code/study/bustub-private/src/include/primer/trie.h:57
    #43 0x5638a8e21a3a in std::default_delete<bustub::TrieNode>::operator()(bustub::TrieNode*) const /usr/include/c++/13/bits/unique_ptr.h:99
    #44 0x5638a8e3feda in std::_Sp_counted_deleter<bustub::TrieNode*, std::default_delete<bustub::TrieNode>, std::allocator<void>, (__gnu_cxx::_Lock_policy)2>::_M_dispose() /usr/include/c++/13/bits/shared_ptr_base.h:527
    #45 0x5638a8dd482d in std::_Sp_counted_base<(__gnu_cxx::_Lock_policy)2>::_M_release() (/home/chenglibin/code/study/bustub-private/build/test/trie_store_test+0x3882d) (BuildId: 92aedf72f08d6e922484c822e9afd8107211fa0b)
    #46 0x5638a8dd623f in std::__shared_count<(__gnu_cxx::_Lock_policy)2>::~__shared_count() /usr/include/c++/13/bits/shared_ptr_base.h:1071
    #47 0x5638a8dd57e3 in std::__shared_ptr<bustub::TrieNode const, (__gnu_cxx::_Lock_policy)2>::~__shared_ptr() /usr/include/c++/13/bits/shared_ptr_base.h:1524
    #48 0x5638a8dd5803 in std::shared_ptr<bustub::TrieNode const>::~shared_ptr() /usr/include/c++/13/bits/shared_ptr.h:175
    #49 0x5638a8dd5907 in bustub::Trie::~Trie() /home/chenglibin/code/study/bustub-private/src/include/primer/trie.h:110
    #50 0x5638a8e13a81 in std::optional<bustub::ValueGuard<std::__cxx11::basic_string<char, std::char_traits<char>, std::allocator<char> > > > bustub::TrieStore::Get<std::__cxx11::basic_string<char, std::char_traits<char>, std::allocator<char> > >(std::basic_string_view<char, std::char_traits<char> >) /home/chenglibin/code/study/bustub-private/src/primer/trie_store.cpp:31
    #51 0x5638a8dd1450 in operator() /home/chenglibin/code/study/bustub-private/test/primer/trie_store_test.cpp:121
    #52 0x5638a8dd439c in __invoke_impl<void, bustub::TrieStoreTest_MixedConcurrentTest_Test::TestBody()::<lambda()> > /usr/include/c++/13/bits/invoke.h:61
    #53 0x5638a8dd430c in __invoke<bustub::TrieStoreTest_MixedConcurrentTest_Test::TestBody()::<lambda()> > /usr/include/c++/13/bits/invoke.h:96
    #54 0x5638a8dd428d in _M_invoke<0> /usr/include/c++/13/bits/std_thread.h:292
    #55 0x5638a8dd4245 in operator() /usr/include/c++/13/bits/std_thread.h:299
    #56 0x5638a8dd4205 in _M_run /usr/include/c++/13/bits/std_thread.h:244
    #57 0x7f58c26e6332  (/lib/x86_64-linux-gnu/libstdc++.so.6+0xe6332) (BuildId: 102661775a59c09123f226bc3021556fd42bc563)
    #58 0x7f58c2297ad9 in start_thread nptl/pthread_create.c:444
    #59 0x7f58c232847b in clone3 ../sysdeps/unix/sysv/linux/x86_64/clone3.S:78

0x606008fca8c0 is located 0 bytes inside of 56-byte region [0x606008fca8c0,0x606008fca8f8)
freed by thread T5 here:
    #0 0x7f58c2ae0c50 in operator delete(void*, unsigned long) ../../../../src/libsanitizer/asan/asan_new_delete.cpp:164
    #1 0x5638a8e3437d in std::__new_allocator<std::_Rb_tree_node<std::pair<char const, std::shared_ptr<bustub::TrieNode const> > > >::deallocate(std::_Rb_tree_node<std::pair<char const, std::shared_ptr<bustub::TrieNode const> > >*, unsigned long) /usr/include/c++/13/bits/new_allocator.h:168
    #2 0x5638a8e2a704 in std::allocator_traits<std::allocator<std::_Rb_tree_node<std::pair<char const, std::shared_ptr<bustub::TrieNode const> > > > >::deallocate(std::allocator<std::_Rb_tree_node<std::pair<char const, std::shared_ptr<bustub::TrieNode const> > > >&, std::_Rb_tree_node<std::pair<char const, std::shared_ptr<bustub::TrieNode const> > >*, unsigned long) /usr/include/c++/13/bits/alloc_traits.h:516
    #3 0x5638a8e2a704 in std::_Rb_tree<char, std::pair<char const, std::shared_ptr<bustub::TrieNode const> >, std::_Select1st<std::pair<char const, std::shared_ptr<bustub::TrieNode const> > >, std::less<char>, std::allocator<std::pair<char const, std::shared_ptr<bustub::TrieNode const> > > >::_M_put_node(std::_Rb_tree_node<std::pair<char const, std::shared_ptr<bustub::TrieNode const> > >*) /usr/include/c++/13/bits/stl_tree.h:567
    #4 0x5638a8e255f9 in std::_Rb_tree<char, std::pair<char const, std::shared_ptr<bustub::TrieNode const> >, std::_Select1st<std::pair<char const, std::shared_ptr<bustub::TrieNode const> > >, std::less<char>, std::allocator<std::pair<char const, std::shared_ptr<bustub::TrieNode const> > > >::_M_drop_node(std::_Rb_tree_node<std::pair<char const, std::shared_ptr<bustub::TrieNode const> > >*) /usr/include/c++/13/bits/stl_tree.h:634
    #5 0x5638a8e216d6 in std::_Rb_tree<char, std::pair<char const, std::shared_ptr<bustub::TrieNode const> >, std::_Select1st<std::pair<char const, std::shared_ptr<bustub::TrieNode const> > >, std::less<char>, std::allocator<std::pair<char const, std::shared_ptr<bustub::TrieNode const> > > >::_M_erase(std::_Rb_tree_node<std::pair<char const, std::shared_ptr<bustub::TrieNode const> > >*) /usr/include/c++/13/bits/stl_tree.h:1938
    #6 0x5638a8e216b3 in std::_Rb_tree<char, std::pair<char const, std::shared_ptr<bustub::TrieNode const> >, std::_Select1st<std::pair<char const, std::shared_ptr<bustub::TrieNode const> > >, std::less<char>, std::allocator<std::pair<char const, std::shared_ptr<bustub::TrieNode const> > > >::_M_erase(std::_Rb_tree_node<std::pair<char const, std::shared_ptr<bustub::TrieNode const> > >*) /usr/include/c++/13/bits/stl_tree.h:1936
    #7 0x5638a8e20031 in std::_Rb_tree<char, std::pair<char const, std::shared_ptr<bustub::TrieNode const> >, std::_Select1st<std::pair<char const, std::shared_ptr<bustub::TrieNode const> > >, std::less<char>, std::allocator<std::pair<char const, std::shared_ptr<bustub::TrieNode const> > > >::~_Rb_tree() /usr/include/c++/13/bits/stl_tree.h:986
    #8 0x5638a8e18e93 in std::map<char, std::shared_ptr<bustub::TrieNode const>, std::less<char>, std::allocator<std::pair<char const, std::shared_ptr<bustub::TrieNode const> > > >::~map() /usr/include/c++/13/bits/stl_map.h:314
    #9 0x5638a8e2199a in bustub::TrieNode::~TrieNode() /home/chenglibin/code/study/bustub-private/src/include/primer/trie.h:57
    #10 0x5638a8e219b9 in bustub::TrieNode::~TrieNode() /home/chenglibin/code/study/bustub-private/src/include/primer/trie.h:57
    #11 0x5638a8e21a3a in std::default_delete<bustub::TrieNode>::operator()(bustub::TrieNode*) const /usr/include/c++/13/bits/unique_ptr.h:99
    #12 0x5638a8e3feda in std::_Sp_counted_deleter<bustub::TrieNode*, std::default_delete<bustub::TrieNode>, std::allocator<void>, (__gnu_cxx::_Lock_policy)2>::_M_dispose() /usr/include/c++/13/bits/shared_ptr_base.h:527
    #13 0x5638a8dd77e3 in std::_Sp_counted_base<(__gnu_cxx::_Lock_policy)2>::_M_release_last_use() (/home/chenglibin/code/study/bustub-private/build/test/trie_store_test+0x3b7e3) (BuildId: 92aedf72f08d6e922484c822e9afd8107211fa0b)
    #14 0x5638a8dd5cbf in std::_Sp_counted_base<(__gnu_cxx::_Lock_policy)2>::_M_release_last_use_cold() /usr/include/c++/13/bits/shared_ptr_base.h:199
    #15 0x5638a8dd49b4 in std::_Sp_counted_base<(__gnu_cxx::_Lock_policy)2>::_M_release() (/home/chenglibin/code/study/bustub-private/build/test/trie_store_test+0x389b4) (BuildId: 92aedf72f08d6e922484c822e9afd8107211fa0b)
    #16 0x5638a8dd623f in std::__shared_count<(__gnu_cxx::_Lock_policy)2>::~__shared_count() /usr/include/c++/13/bits/shared_ptr_base.h:1071
    #17 0x5638a8dd57e3 in std::__shared_ptr<bustub::TrieNode const, (__gnu_cxx::_Lock_policy)2>::~__shared_ptr() /usr/include/c++/13/bits/shared_ptr_base.h:1524
    #18 0x5638a8dd5803 in std::shared_ptr<bustub::TrieNode const>::~shared_ptr() /usr/include/c++/13/bits/shared_ptr.h:175
    #19 0x5638a8e3433d in std::pair<char const, std::shared_ptr<bustub::TrieNode const> >::~pair() /usr/include/c++/13/bits/stl_pair.h:187
    #20 0x5638a8e2a6af in void std::__new_allocator<std::_Rb_tree_node<std::pair<char const, std::shared_ptr<bustub::TrieNode const> > > >::destroy<std::pair<char const, std::shared_ptr<bustub::TrieNode const> > >(std::pair<char const, std::shared_ptr<bustub::TrieNode const> >*) /usr/include/c++/13/bits/new_allocator.h:194
    #21 0x5638a8e2a6af in void std::allocator_traits<std::allocator<std::_Rb_tree_node<std::pair<char const, std::shared_ptr<bustub::TrieNode const> > > > >::destroy<std::pair<char const, std::shared_ptr<bustub::TrieNode const> > >(std::allocator<std::_Rb_tree_node<std::pair<char const, std::shared_ptr<bustub::TrieNode const> > > >&, std::pair<char const, std::shared_ptr<bustub::TrieNode const> >*) /usr/include/c++/13/bits/alloc_traits.h:557
    #22 0x5638a8e2a6af in std::_Rb_tree<char, std::pair<char const, std::shared_ptr<bustub::TrieNode const> >, std::_Select1st<std::pair<char const, std::shared_ptr<bustub::TrieNode const> > >, std::less<char>, std::allocator<std::pair<char const, std::shared_ptr<bustub::TrieNode const> > > >::_M_destroy_node(std::_Rb_tree_node<std::pair<char const, std::shared_ptr<bustub::TrieNode const> > >*) /usr/include/c++/13/bits/stl_tree.h:625
    #23 0x5638a8e255e6 in std::_Rb_tree<char, std::pair<char const, std::shared_ptr<bustub::TrieNode const> >, std::_Select1st<std::pair<char const, std::shared_ptr<bustub::TrieNode const> > >, std::less<char>, std::allocator<std::pair<char const, std::shared_ptr<bustub::TrieNode const> > > >::_M_drop_node(std::_Rb_tree_node<std::pair<char const, std::shared_ptr<bustub::TrieNode const> > >*) /usr/include/c++/13/bits/stl_tree.h:633
    #24 0x5638a8e216d6 in std::_Rb_tree<char, std::pair<char const, std::shared_ptr<bustub::TrieNode const> >, std::_Select1st<std::pair<char const, std::shared_ptr<bustub::TrieNode const> > >, std::less<char>, std::allocator<std::pair<char const, std::shared_ptr<bustub::TrieNode const> > > >::_M_erase(std::_Rb_tree_node<std::pair<char const, std::shared_ptr<bustub::TrieNode const> > >*) /usr/include/c++/13/bits/stl_tree.h:1938
    #25 0x5638a8e20031 in std::_Rb_tree<char, std::pair<char const, std::shared_ptr<bustub::TrieNode const> >, std::_Select1st<std::pair<char const, std::shared_ptr<bustub::TrieNode const> > >, std::less<char>, std::allocator<std::pair<char const, std::shared_ptr<bustub::TrieNode const> > > >::~_Rb_tree() /usr/include/c++/13/bits/stl_tree.h:986
    #26 0x5638a8e18e93 in std::map<char, std::shared_ptr<bustub::TrieNode const>, std::less<char>, std::allocator<std::pair<char const, std::shared_ptr<bustub::TrieNode const> > > >::~map() /usr/include/c++/13/bits/stl_map.h:314
    #27 0x5638a8e2199a in bustub::TrieNode::~TrieNode() /home/chenglibin/code/study/bustub-private/src/include/primer/trie.h:57
    #28 0x5638a8e219b9 in bustub::TrieNode::~TrieNode() /home/chenglibin/code/study/bustub-private/src/include/primer/trie.h:57
    #29 0x5638a8e21a3a in std::default_delete<bustub::TrieNode>::operator()(bustub::TrieNode*) const /usr/include/c++/13/bits/unique_ptr.h:99
    #30 0x5638a8e3feda in std::_Sp_counted_deleter<bustub::TrieNode*, std::default_delete<bustub::TrieNode>, std::allocator<void>, (__gnu_cxx::_Lock_policy)2>::_M_dispose() /usr/include/c++/13/bits/shared_ptr_base.h:527
    #31 0x5638a8dd77e3 in std::_Sp_counted_base<(__gnu_cxx::_Lock_policy)2>::_M_release_last_use() (/home/chenglibin/code/study/bustub-private/build/test/trie_store_test+0x3b7e3) (BuildId: 92aedf72f08d6e922484c822e9afd8107211fa0b)
    #32 0x5638a8dd5cbf in std::_Sp_counted_base<(__gnu_cxx::_Lock_policy)2>::_M_release_last_use_cold() /usr/include/c++/13/bits/shared_ptr_base.h:199

previously allocated by thread T2 here:
    #0 0x7f58c2adfba8 in operator new(unsigned long) ../../../../src/libsanitizer/asan/asan_new_delete.cpp:95
    #1 0x5638a8e387a5 in std::__new_allocator<std::_Rb_tree_node<std::pair<char const, std::shared_ptr<bustub::TrieNode const> > > >::allocate(unsigned long, void const*) /usr/include/c++/13/bits/new_allocator.h:147
    #2 0x5638a8e2fa5d in std::allocator_traits<std::allocator<std::_Rb_tree_node<std::pair<char const, std::shared_ptr<bustub::TrieNode const> > > > >::allocate(std::allocator<std::_Rb_tree_node<std::pair<char const, std::shared_ptr<bustub::TrieNode const> > > >&, unsigned long) /usr/include/c++/13/bits/alloc_traits.h:482
    #3 0x5638a8e2fa5d in std::_Rb_tree<char, std::pair<char const, std::shared_ptr<bustub::TrieNode const> >, std::_Select1st<std::pair<char const, std::shared_ptr<bustub::TrieNode const> > >, std::less<char>, std::allocator<std::pair<char const, std::shared_ptr<bustub::TrieNode const> > > >::_M_get_node() /usr/include/c++/13/bits/stl_tree.h:563
    #4 0x5638a8e39b11 in std::_Rb_tree_node<std::pair<char const, std::shared_ptr<bustub::TrieNode const> > >* std::_Rb_tree<char, std::pair<char const, std::shared_ptr<bustub::TrieNode const> >, std::_Select1st<std::pair<char const, std::shared_ptr<bustub::TrieNode const> > >, std::less<char>, std::allocator<std::pair<char const, std::shared_ptr<bustub::TrieNode const> > > >::_M_create_node<std::pair<char const, std::shared_ptr<bustub::TrieNode const> > const&>(std::pair<char const, std::shared_ptr<bustub::TrieNode const> > const&) /usr/include/c++/13/bits/stl_tree.h:613
    #5 0x5638a8e382bf in std::_Rb_tree_node<std::pair<char const, std::shared_ptr<bustub::TrieNode const> > >* std::_Rb_tree<char, std::pair<char const, std::shared_ptr<bustub::TrieNode const> >, std::_Select1st<std::pair<char const, std::shared_ptr<bustub::TrieNode const> > >, std::less<char>, std::allocator<std::pair<char const, std::shared_ptr<bustub::TrieNode const> > > >::_Alloc_node::operator()<std::pair<char const, std::shared_ptr<bustub::TrieNode const> > const&>(std::pair<char const, std::shared_ptr<bustub::TrieNode const> > const&) const /usr/include/c++/13/bits/stl_tree.h:531
    #6 0x5638a8e343bd in std::_Rb_tree_node<std::pair<char const, std::shared_ptr<bustub::TrieNode const> > >* std::_Rb_tree<char, std::pair<char const, std::shared_ptr<bustub::TrieNode const> >, std::_Select1st<std::pair<char const, std::shared_ptr<bustub::TrieNode const> > >, std::less<char>, std::allocator<std::pair<char const, std::shared_ptr<bustub::TrieNode const> > > >::_M_clone_node<false, std::_Rb_tree<char, std::pair<char const, std::shared_ptr<bustub::TrieNode const> >, std::_Select1st<std::pair<char const, std::shared_ptr<bustub::TrieNode const> > >, std::less<char>, std::allocator<std::pair<char const, std::shared_ptr<bustub::TrieNode const> > > >::_Alloc_node>(std::_Rb_tree_node<std::pair<char const, std::shared_ptr<bustub::TrieNode const> > >*, std::_Rb_tree<char, std::pair<char const, std::shared_ptr<bustub::TrieNode const> >, std::_Select1st<std::pair<char const, std::shared_ptr<bustub::TrieNode const> > >, std::less<char>, std::allocator<std::pair<char const, std::shared_ptr<bustub::TrieNode const> > > >::_Alloc_node&) /usr/include/c++/13/bits/stl_tree.h:647
    #7 0x5638a8e2f219 in std::_Rb_tree_node<std::pair<char const, std::shared_ptr<bustub::TrieNode const> > >* std::_Rb_tree<char, std::pair<char const, std::shared_ptr<bustub::TrieNode const> >, std::_Select1st<std::pair<char const, std::shared_ptr<bustub::TrieNode const> > >, std::less<char>, std::allocator<std::pair<char const, std::shared_ptr<bustub::TrieNode const> > > >::_M_copy<false, std::_Rb_tree<char, std::pair<char const, std::shared_ptr<bustub::TrieNode const> >, std::_Select1st<std::pair<char const, std::shared_ptr<bustub::TrieNode const> > >, std::less<char>, std::allocator<std::pair<char const, std::shared_ptr<bustub::TrieNode const> > > >::_Alloc_node>(std::_Rb_tree_node<std::pair<char const, std::shared_ptr<bustub::TrieNode const> > >*, std::_Rb_tree_node_base*, std::_Rb_tree<char, std::pair<char const, std::shared_ptr<bustub::TrieNode const> >, std::_Select1st<std::pair<char const, std::shared_ptr<bustub::TrieNode const> > >, std::less<char>, std::allocator<std::pair<char const, std::shared_ptr<bustub::TrieNode const> > > >::_Alloc_node&) /usr/include/c++/13/bits/stl_tree.h:1896
    #8 0x5638a8e2f2a3 in std::_Rb_tree_node<std::pair<char const, std::shared_ptr<bustub::TrieNode const> > >* std::_Rb_tree<char, std::pair<char const, std::shared_ptr<bustub::TrieNode const> >, std::_Select1st<std::pair<char const, std::shared_ptr<bustub::TrieNode const> > >, std::less<char>, std::allocator<std::pair<char const, std::shared_ptr<bustub::TrieNode const> > > >::_M_copy<false, std::_Rb_tree<char, std::pair<char const, std::shared_ptr<bustub::TrieNode const> >, std::_Select1st<std::pair<char const, std::shared_ptr<bustub::TrieNode const> > >, std::less<char>, std::allocator<std::pair<char const, std::shared_ptr<bustub::TrieNode const> > > >::_Alloc_node>(std::_Rb_tree_node<std::pair<char const, std::shared_ptr<bustub::TrieNode const> > >*, std::_Rb_tree_node_base*, std::_Rb_tree<char, std::pair<char const, std::shared_ptr<bustub::TrieNode const> >, std::_Select1st<std::pair<char const, std::shared_ptr<bustub::TrieNode const> > >, std::less<char>, std::allocator<std::pair<char const, std::shared_ptr<bustub::TrieNode const> > > >::_Alloc_node&) /usr/include/c++/13/bits/stl_tree.h:1903
    #9 0x5638a8e2a7ae in std::_Rb_tree_node<std::pair<char const, std::shared_ptr<bustub::TrieNode const> > >* std::_Rb_tree<char, std::pair<char const, std::shared_ptr<bustub::TrieNode const> >, std::_Select1st<std::pair<char const, std::shared_ptr<bustub::TrieNode const> > >, std::less<char>, std::allocator<std::pair<char const, std::shared_ptr<bustub::TrieNode const> > > >::_M_copy<false, std::_Rb_tree<char, std::pair<char const, std::shared_ptr<bustub::TrieNode const> >, std::_Select1st<std::pair<char const, std::shared_ptr<bustub::TrieNode const> > >, std::less<char>, std::allocator<std::pair<char const, std::shared_ptr<bustub::TrieNode const> > > >::_Alloc_node>(std::_Rb_tree<char, std::pair<char const, std::shared_ptr<bustub::TrieNode const> >, std::_Select1st<std::pair<char const, std::shared_ptr<bustub::TrieNode const> > >, std::less<char>, std::allocator<std::pair<char const, std::shared_ptr<bustub::TrieNode const> > > > const&, std::_Rb_tree<char, std::pair<char const, std::shared_ptr<bustub::TrieNode const> >, std::_Select1st<std::pair<char const, std::shared_ptr<bustub::TrieNode const> > >, std::less<char>, std::allocator<std::pair<char const, std::shared_ptr<bustub::TrieNode const> > > >::_Alloc_node&) /usr/include/c++/13/bits/stl_tree.h:892
    #10 0x5638a8e2591a in std::_Rb_tree<char, std::pair<char const, std::shared_ptr<bustub::TrieNode const> >, std::_Select1st<std::pair<char const, std::shared_ptr<bustub::TrieNode const> > >, std::less<char>, std::allocator<std::pair<char const, std::shared_ptr<bustub::TrieNode const> > > >::_M_copy(std::_Rb_tree<char, std::pair<char const, std::shared_ptr<bustub::TrieNode const> >, std::_Select1st<std::pair<char const, std::shared_ptr<bustub::TrieNode const> > >, std::less<char>, std::allocator<std::pair<char const, std::shared_ptr<bustub::TrieNode const> > > > const&) /usr/include/c++/13/bits/stl_tree.h:903
    #11 0x5638a8e2176a in std::_Rb_tree<char, std::pair<char const, std::shared_ptr<bustub::TrieNode const> >, std::_Select1st<std::pair<char const, std::shared_ptr<bustub::TrieNode const> > >, std::less<char>, std::allocator<std::pair<char const, std::shared_ptr<bustub::TrieNode const> > > >::_Rb_tree(std::_Rb_tree<char, std::pair<char const, std::shared_ptr<bustub::TrieNode const> >, std::_Select1st<std::pair<char const, std::shared_ptr<bustub::TrieNode const> > >, std::less<char>, std::allocator<std::pair<char const, std::shared_ptr<bustub::TrieNode const> > > > const&) /usr/include/c++/13/bits/stl_tree.h:941
    #12 0x5638a8e20068 in std::map<char, std::shared_ptr<bustub::TrieNode const>, std::less<char>, std::allocator<std::pair<char const, std::shared_ptr<bustub::TrieNode const> > > >::map(std::map<char, std::shared_ptr<bustub::TrieNode const>, std::less<char>, std::allocator<std::pair<char const, std::shared_ptr<bustub::TrieNode const> > > > const&) /usr/include/c++/13/bits/stl_map.h:219
    #13 0x5638a8e20152 in std::__detail::_MakeUniq<bustub::TrieNode>::__single_object std::make_unique<bustub::TrieNode, std::map<char, std::shared_ptr<bustub::TrieNode const>, std::less<char>, std::allocator<std::pair<char const, std::shared_ptr<bustub::TrieNode const> > > > const&>(std::map<char, std::shared_ptr<bustub::TrieNode const>, std::less<char>, std::allocator<std::pair<char const, std::shared_ptr<bustub::TrieNode const> > > > const&) /usr/include/c++/13/bits/unique_ptr.h:1070
    #14 0x5638a8e18f9c in bustub::TrieNode::Clone() const /home/chenglibin/code/study/bustub-private/src/include/primer/trie.h:67
    #15 0x5638a8e1c64b in bustub::Trie bustub::Trie::Put<std::__cxx11::basic_string<char, std::char_traits<char>, std::allocator<char> > >(std::basic_string_view<char, std::char_traits<char> >, std::__cxx11::basic_string<char, std::char_traits<char>, std::allocator<char> >) const /home/chenglibin/code/study/bustub-private/src/primer/trie.cpp:71
    #16 0x5638a8e13cb8 in void bustub::TrieStore::Put<std::__cxx11::basic_string<char, std::char_traits<char>, std::allocator<char> > >(std::basic_string_view<char, std::char_traits<char> >, std::__cxx11::basic_string<char, std::char_traits<char>, std::allocator<char> >) /home/chenglibin/code/study/bustub-private/src/primer/trie_store.cpp:49
    #17 0x5638a8dd0006 in operator() /home/chenglibin/code/study/bustub-private/test/primer/trie_store_test.cpp:98
    #18 0x5638a8dd43d9 in __invoke_impl<void, bustub::TrieStoreTest_MixedConcurrentTest_Test::TestBody()::<lambda()> > /usr/include/c++/13/bits/invoke.h:61
    #19 0x5638a8dd435f in __invoke<bustub::TrieStoreTest_MixedConcurrentTest_Test::TestBody()::<lambda()> > /usr/include/c++/13/bits/invoke.h:96
    #20 0x5638a8dd42b9 in _M_invoke<0> /usr/include/c++/13/bits/std_thread.h:292
    #21 0x5638a8dd4261 in operator() /usr/include/c++/13/bits/std_thread.h:299
    #22 0x5638a8dd4229 in _M_run /usr/include/c++/13/bits/std_thread.h:244
    #23 0x7f58c26e6332  (/lib/x86_64-linux-gnu/libstdc++.so.6+0xe6332) (BuildId: 102661775a59c09123f226bc3021556fd42bc563)

Thread T7 created by T0 here:
    #0 0x7f58c2a49175 in __interceptor_pthread_create ../../../../src/libsanitizer/asan/asan_interceptors.cpp:208
    #1 0x7f58c26e6408 in std::thread::_M_start_thread(std::unique_ptr<std::thread::_State, std::default_delete<std::thread::_State> >, void (*)()) (/lib/x86_64-linux-gnu/libstdc++.so.6+0xe6408) (BuildId: 102661775a59c09123f226bc3021556fd42bc563)
    #2 0x5638a8dd1b76 in bustub::TrieStoreTest_MixedConcurrentTest_Test::TestBody() /home/chenglibin/code/study/bustub-private/test/primer/trie_store_test.cpp:124
    #3 0x5638a8f210d6 in void testing::internal::HandleSehExceptionsInMethodIfSupported<testing::Test, void>(testing::Test*, void (testing::Test::*)(), char const*) /home/chenglibin/code/study/bustub-private/third_party/googletest/googletest/src/gtest.cc:2612
    #4 0x5638a8ed3562 in void testing::internal::HandleExceptionsInMethodIfSupported<testing::Test, void>(testing::Test*, void (testing::Test::*)(), char const*) /home/chenglibin/code/study/bustub-private/third_party/googletest/googletest/src/gtest.cc:2648
    #5 0x5638a8e7ba9c in testing::Test::Run() /home/chenglibin/code/study/bustub-private/third_party/googletest/googletest/src/gtest.cc:2687
    #6 0x5638a8e7d994 in testing::TestInfo::Run() /home/chenglibin/code/study/bustub-private/third_party/googletest/googletest/src/gtest.cc:2836
    #7 0x5638a8e7f1e7 in testing::TestSuite::Run() /home/chenglibin/code/study/bustub-private/third_party/googletest/googletest/src/gtest.cc:3015
    #8 0x5638a8ea45c1 in testing::internal::UnitTestImpl::RunAllTests() /home/chenglibin/code/study/bustub-private/third_party/googletest/googletest/src/gtest.cc:5920
    #9 0x5638a8f31306 in bool testing::internal::HandleSehExceptionsInMethodIfSupported<testing::internal::UnitTestImpl, bool>(testing::internal::UnitTestImpl*, bool (testing::internal::UnitTestImpl::*)(), char const*) /home/chenglibin/code/study/bustub-private/third_party/googletest/googletest/src/gtest.cc:2612
    #10 0x5638a8eda152 in bool testing::internal::HandleExceptionsInMethodIfSupported<testing::internal::UnitTestImpl, bool>(testing::internal::UnitTestImpl*, bool (testing::internal::UnitTestImpl::*)(), char const*) /home/chenglibin/code/study/bustub-private/third_party/googletest/googletest/src/gtest.cc:2648
    #11 0x5638a8ea38e2 in testing::UnitTest::Run() /home/chenglibin/code/study/bustub-private/third_party/googletest/googletest/src/gtest.cc:5484
    #12 0x5638a8f38ca0 in RUN_ALL_TESTS() /home/chenglibin/code/study/bustub-private/third_party/googletest/googletest/include/gtest/gtest.h:2317
    #13 0x5638a8f38c31 in main /home/chenglibin/code/study/bustub-private/third_party/googletest/googlemock/src/gmock_main.cc:71
    #14 0x7f58c22280cf in __libc_start_call_main ../sysdeps/nptl/libc_start_call_main.h:58

Thread T5 created by T0 here:
    #0 0x7f58c2a49175 in __interceptor_pthread_create ../../../../src/libsanitizer/asan/asan_interceptors.cpp:208
    #1 0x7f58c26e6408 in std::thread::_M_start_thread(std::unique_ptr<std::thread::_State, std::default_delete<std::thread::_State> >, void (*)()) (/lib/x86_64-linux-gnu/libstdc++.so.6+0xe6408) (BuildId: 102661775a59c09123f226bc3021556fd42bc563)
    #2 0x5638a8dd1b76 in bustub::TrieStoreTest_MixedConcurrentTest_Test::TestBody() /home/chenglibin/code/study/bustub-private/test/primer/trie_store_test.cpp:124
    #3 0x5638a8f210d6 in void testing::internal::HandleSehExceptionsInMethodIfSupported<testing::Test, void>(testing::Test*, void (testing::Test::*)(), char const*) /home/chenglibin/code/study/bustub-private/third_party/googletest/googletest/src/gtest.cc:2612
    #4 0x5638a8ed3562 in void testing::internal::HandleExceptionsInMethodIfSupported<testing::Test, void>(testing::Test*, void (testing::Test::*)(), char const*) /home/chenglibin/code/study/bustub-private/third_party/googletest/googletest/src/gtest.cc:2648
    #5 0x5638a8e7ba9c in testing::Test::Run() /home/chenglibin/code/study/bustub-private/third_party/googletest/googletest/src/gtest.cc:2687
    #6 0x5638a8e7d994 in testing::TestInfo::Run() /home/chenglibin/code/study/bustub-private/third_party/googletest/googletest/src/gtest.cc:2836
    #7 0x5638a8e7f1e7 in testing::TestSuite::Run() /home/chenglibin/code/study/bustub-private/third_party/googletest/googletest/src/gtest.cc:3015
    #8 0x5638a8ea45c1 in testing::internal::UnitTestImpl::RunAllTests() /home/chenglibin/code/study/bustub-private/third_party/googletest/googletest/src/gtest.cc:5920
    #9 0x5638a8f31306 in bool testing::internal::HandleSehExceptionsInMethodIfSupported<testing::internal::UnitTestImpl, bool>(testing::internal::UnitTestImpl*, bool (testing::internal::UnitTestImpl::*)(), char const*) /home/chenglibin/code/study/bustub-private/third_party/googletest/googletest/src/gtest.cc:2612
    #10 0x5638a8eda152 in bool testing::internal::HandleExceptionsInMethodIfSupported<testing::internal::UnitTestImpl, bool>(testing::internal::UnitTestImpl*, bool (testing::internal::UnitTestImpl::*)(), char const*) /home/chenglibin/code/study/bustub-private/third_party/googletest/googletest/src/gtest.cc:2648
    #11 0x5638a8ea38e2 in testing::UnitTest::Run() /home/chenglibin/code/study/bustub-private/third_party/googletest/googletest/src/gtest.cc:5484
    #12 0x5638a8f38ca0 in RUN_ALL_TESTS() /home/chenglibin/code/study/bustub-private/third_party/googletest/googletest/include/gtest/gtest.h:2317
    #13 0x5638a8f38c31 in main /home/chenglibin/code/study/bustub-private/third_party/googletest/googlemock/src/gmock_main.cc:71
    #14 0x7f58c22280cf in __libc_start_call_main ../sysdeps/nptl/libc_start_call_main.h:58

Thread T2 created by T0 here:
    #0 0x7f58c2a49175 in __interceptor_pthread_create ../../../../src/libsanitizer/asan/asan_interceptors.cpp:208
    #1 0x7f58c26e6408 in std::thread::_M_start_thread(std::unique_ptr<std::thread::_State, std::default_delete<std::thread::_State> >, void (*)()) (/lib/x86_64-linux-gnu/libstdc++.so.6+0xe6408) (BuildId: 102661775a59c09123f226bc3021556fd42bc563)
    #2 0x5638a8dd1943 in bustub::TrieStoreTest_MixedConcurrentTest_Test::TestBody() /home/chenglibin/code/study/bustub-private/test/primer/trie_store_test.cpp:109
    #3 0x5638a8f210d6 in void testing::internal::HandleSehExceptionsInMethodIfSupported<testing::Test, void>(testing::Test*, void (testing::Test::*)(), char const*) /home/chenglibin/code/study/bustub-private/third_party/googletest/googletest/src/gtest.cc:2612
    #4 0x5638a8ed3562 in void testing::internal::HandleExceptionsInMethodIfSupported<testing::Test, void>(testing::Test*, void (testing::Test::*)(), char const*) /home/chenglibin/code/study/bustub-private/third_party/googletest/googletest/src/gtest.cc:2648
    #5 0x5638a8e7ba9c in testing::Test::Run() /home/chenglibin/code/study/bustub-private/third_party/googletest/googletest/src/gtest.cc:2687
    #6 0x5638a8e7d994 in testing::TestInfo::Run() /home/chenglibin/code/study/bustub-private/third_party/googletest/googletest/src/gtest.cc:2836
    #7 0x5638a8e7f1e7 in testing::TestSuite::Run() /home/chenglibin/code/study/bustub-private/third_party/googletest/googletest/src/gtest.cc:3015
    #8 0x5638a8ea45c1 in testing::internal::UnitTestImpl::RunAllTests() /home/chenglibin/code/study/bustub-private/third_party/googletest/googletest/src/gtest.cc:5920
    #9 0x5638a8f31306 in bool testing::internal::HandleSehExceptionsInMethodIfSupported<testing::internal::UnitTestImpl, bool>(testing::internal::UnitTestImpl*, bool (testing::internal::UnitTestImpl::*)(), char const*) /home/chenglibin/code/study/bustub-private/third_party/googletest/googletest/src/gtest.cc:2612
    #10 0x5638a8eda152 in bool testing::internal::HandleExceptionsInMethodIfSupported<testing::internal::UnitTestImpl, bool>(testing::internal::UnitTestImpl*, bool (testing::internal::UnitTestImpl::*)(), char const*) /home/chenglibin/code/study/bustub-private/third_party/googletest/googletest/src/gtest.cc:2648
    #11 0x5638a8ea38e2 in testing::UnitTest::Run() /home/chenglibin/code/study/bustub-private/third_party/googletest/googletest/src/gtest.cc:5484
    #12 0x5638a8f38ca0 in RUN_ALL_TESTS() /home/chenglibin/code/study/bustub-private/third_party/googletest/googletest/include/gtest/gtest.h:2317
    #13 0x5638a8f38c31 in main /home/chenglibin/code/study/bustub-private/third_party/googletest/googlemock/src/gmock_main.cc:71
    #14 0x7f58c22280cf in __libc_start_call_main ../sysdeps/nptl/libc_start_call_main.h:58

SUMMARY: AddressSanitizer: double-free ../../../../src/libsanitizer/asan/asan_new_delete.cpp:164 in operator delete(void*, unsigned long)
==13336==ABORTING